24-10-27 21:09:00.980 - INFO:   name: sr_srddpm
  phase: train
  gpu_ids: [0]
  path:[
    log: experiments/sr_srddpm_241027_210900/logs
    tb_logger: experiments/sr_srddpm_241027_210900/tb_logger
    results: experiments/sr_srddpm_241027_210900/results
    checkpoint: experiments/sr_srddpm_241027_210900/checkpoint
    resume_state: None
    experiments_root: experiments/sr_srddpm_241027_210900
  ]
  datasets:[
    train:[
      name: AID
      mode: HR
      dataroot: dataset/AID_28_224
      datatype: img
      l_resolution: 28
      r_resolution: 224
      batch_size: 16
      num_workers: 8
      use_shuffle: True
      data_len: -1
    ]
    val:[
      name: RSSCN7
      mode: LRHR
      dataroot: dataset/RSSCN7val_28_224
      datatype: img
      l_resolution: 28
      r_resolution: 224
      data_len: 3
    ]
  ]
  model:[
    which_model_G: ddpm
    finetune_norm: False
    unet:[
      in_channel: 6
      out_channel: 3
      inner_channel: 64
      channel_multiplier: [1, 1, 2, 2, 4, 4]
      attn_res: [28]
      res_blocks: 1
      dropout: 0.2
    ]
    beta_schedule:[
      train:[
        schedule: linear
        n_timestep: 2000
        linear_start: 0.0001
        linear_end: 0.02
      ]
      val:[
        schedule: linear
        n_timestep: 2000
        linear_start: 0.0001
        linear_end: 0.02
      ]
    ]
    diffusion:[
      image_size: 224
      channels: 3
      conditional: True
    ]
  ]
  train:[
    n_iter: 1000000
    val_freq: 100000.0
    save_checkpoint_freq: 100000.0
    print_freq: 200
    optimizer:[
      type: adam
      lr: 0.0001
    ]
    ema_scheduler:[
      step_start_ema: 5000
      update_ema_every: 1
      ema_decay: 0.9999
    ]
  ]
  wandb:[
    project: sr_srddpm
  ]
  distributed: False
  log_wandb_ckpt: False
  log_eval: False
  enable_wandb: False

